TN:
SF:src/components/Navbar.jsx
FN:5,Navbar
FN:8,(anonymous_1)
FNF:2
FNH:2
FNDA:13,Navbar
FNDA:26,(anonymous_1)
DA:6,13
DA:8,26
DA:10,13
LF:3
LH:3
BRDA:8,0,0,12
BRDA:8,0,1,14
BRF:2
BRH:2
end_of_record
TN:
SF:src/components/PostCard.jsx
FN:5,PostCard
FN:8,(anonymous_1)
FN:12,(anonymous_2)
FN:18,(anonymous_3)
FN:24,(anonymous_4)
FN:29,(anonymous_5)
FN:58,(anonymous_6)
FN:65,(anonymous_7)
FNF:8
FNH:8
FNDA:149,PostCard
FNDA:2,(anonymous_1)
FNDA:2,(anonymous_2)
FNDA:2,(anonymous_3)
FNDA:1,(anonymous_4)
FNDA:447,(anonymous_5)
FNDA:194,(anonymous_6)
FNDA:258,(anonymous_7)
DA:6,149
DA:8,149
DA:9,2
DA:12,149
DA:13,2
DA:14,2
DA:15,2
DA:18,149
DA:19,2
DA:20,2
DA:21,2
DA:24,149
DA:25,1
DA:26,1
DA:29,149
DA:30,447
DA:31,382
DA:32,221
DA:35,149
DA:59,194
DA:66,258
LF:21
LH:21
BRDA:30,0,0,65
BRDA:30,0,1,382
BRDA:31,1,0,161
BRDA:31,1,1,221
BRDA:37,2,0,149
BRDA:37,2,1,49
BRDA:44,3,0,149
BRDA:44,3,1,100
BRDA:45,4,0,100
BRDA:45,4,1,0
BRDA:46,5,0,51
BRDA:46,5,1,49
BRDA:56,6,0,149
BRDA:56,6,1,81
BRDA:63,7,0,149
BRDA:63,7,1,129
BRF:16
BRH:15
end_of_record
TN:
SF:src/data/mock.js
FNF:0
FNH:0
DA:2,4
DA:13,4
DA:121,4
DA:133,4
LF:4
LH:4
BRF:0
BRH:0
end_of_record
TN:
SF:src/hooks/useTracker.js
FN:7,useExposure
FN:10,(anonymous_1)
FN:15,(anonymous_2)
FN:26,useReadTracker
FN:27,(anonymous_4)
FN:30,(anonymous_5)
FN:38,usePageView
FN:39,(anonymous_7)
FN:41,(anonymous_8)
FN:48,withTrackClick
FN:49,(anonymous_10)
FN:56,trackAction
FNF:12
FNH:12
FNDA:4,useExposure
FNDA:4,(anonymous_1)
FNDA:4,(anonymous_2)
FNDA:4,useReadTracker
FNDA:4,(anonymous_4)
FNDA:2,(anonymous_5)
FNDA:4,usePageView
FNDA:4,(anonymous_7)
FNDA:4,(anonymous_8)
FNDA:4,withTrackClick
FNDA:3,(anonymous_10)
FNDA:2,trackAction
DA:4,1
DA:8,4
DA:10,4
DA:11,4
DA:12,4
DA:13,2
DA:15,4
DA:16,4
DA:17,2
DA:22,4
DA:27,4
DA:28,4
DA:29,2
DA:30,2
DA:31,2
DA:39,4
DA:40,4
DA:41,4
DA:42,4
DA:49,4
DA:50,3
DA:51,3
DA:57,2
LF:23
LH:23
BRDA:12,0,0,2
BRDA:12,0,1,2
BRDA:12,1,0,4
BRDA:12,1,1,2
BRDA:16,2,0,2
BRDA:16,2,1,2
BRDA:26,3,0,4
BRDA:28,4,0,2
BRDA:28,4,1,2
BRDA:28,5,0,4
BRDA:28,5,1,2
BRDA:48,6,0,4
BRDA:56,7,0,2
BRF:13
BRH:13
end_of_record
TN:
SF:src/pages/DashboardPage.jsx
FN:6,DashboardPage
FN:13,(anonymous_1)
FN:14,(anonymous_2)
FN:16,(anonymous_3)
FN:19,(anonymous_4)
FN:23,(anonymous_5)
FN:32,(anonymous_6)
FN:40,(anonymous_7)
FN:59,(anonymous_8)
FN:70,(anonymous_9)
FN:72,(anonymous_10)
FN:76,(anonymous_11)
FN:78,(anonymous_12)
FN:82,(anonymous_13)
FN:83,(anonymous_14)
FN:133,(anonymous_15)
FN:133,(anonymous_16)
FN:158,(anonymous_17)
FNF:18
FNH:16
FNDA:33,DashboardPage
FNDA:16,(anonymous_1)
FNDA:1,(anonymous_2)
FNDA:1,(anonymous_3)
FNDA:16,(anonymous_4)
FNDA:16,(anonymous_5)
FNDA:67,(anonymous_6)
FNDA:12,(anonymous_7)
FNDA:12,(anonymous_8)
FNDA:12,(anonymous_9)
FNDA:1,(anonymous_10)
FNDA:12,(anonymous_11)
FNDA:0,(anonymous_12)
FNDA:12,(anonymous_13)
FNDA:0,(anonymous_14)
FNDA:1,(anonymous_15)
FNDA:7,(anonymous_16)
FNDA:12,(anonymous_17)
DA:7,33
DA:9,33
DA:10,33
DA:13,33
DA:14,16
DA:15,1
DA:16,1
DA:18,16
DA:19,16
DA:23,33
DA:24,16
DA:25,16
DA:26,16
DA:32,33
DA:33,67
DA:34,2
DA:35,2
DA:36,0
DA:37,0
DA:40,33
DA:41,12
DA:42,12
DA:45,33
DA:59,33
DA:60,12
DA:61,12
DA:64,33
DA:65,33
DA:66,33
DA:67,33
DA:70,33
DA:71,33
DA:72,1
DA:76,33
DA:77,33
DA:78,0
DA:82,33
DA:83,33
DA:85,33
DA:133,1
DA:134,7
DA:159,12
LF:42
LH:39
BRDA:15,0,0,1
BRDA:15,0,1,0
BRDA:25,1,0,16
BRDA:25,1,1,11
BRDA:33,2,0,65
BRDA:33,2,1,2
BRDA:35,3,0,2
BRDA:35,3,1,0
BRDA:60,4,0,12
BRDA:60,4,1,7
BRDA:65,5,0,33
BRDA:65,5,1,30
BRDA:66,6,0,33
BRDA:66,6,1,31
BRDA:66,7,0,33
BRDA:66,7,1,33
BRDA:67,8,0,33
BRDA:67,8,1,33
BRDA:71,9,0,1
BRDA:71,9,1,32
BRDA:72,10,0,1
BRDA:72,10,1,0
BRDA:77,11,0,0
BRDA:77,11,1,33
BRDA:78,12,0,0
BRDA:78,12,1,0
BRDA:83,13,0,0
BRDA:83,13,1,33
BRDA:83,14,0,0
BRDA:83,14,1,0
BRDA:135,15,0,7
BRDA:135,15,1,0
BRDA:152,16,0,27
BRDA:152,16,1,6
BRDA:161,17,0,12
BRDA:161,17,1,0
BRDA:164,18,0,12
BRDA:164,18,1,2
BRDA:165,19,0,12
BRDA:165,19,1,1
BRDA:166,20,0,12
BRDA:166,20,1,1
BRDA:167,21,0,12
BRDA:167,21,1,0
BRDA:168,22,0,12
BRDA:168,22,1,0
BRDA:159,23,0,12
BRDA:159,23,1,0
BRF:48
BRH:34
end_of_record
TN:
SF:src/pages/DetailPage.jsx
FN:7,DetailPage
FN:10,(anonymous_1)
FN:20,(anonymous_2)
FN:24,(anonymous_3)
FN:29,(anonymous_4)
FN:34,(anonymous_5)
FN:40,(anonymous_6)
FN:48,(anonymous_7)
FN:63,(anonymous_8)
FN:100,(anonymous_9)
FN:107,(anonymous_10)
FN:124,(anonymous_11)
FN:138,(anonymous_12)
FN:147,(anonymous_13)
FN:148,(anonymous_14)
FN:149,(anonymous_15)
FN:150,(anonymous_16)
FN:164,(anonymous_17)
FN:165,(anonymous_18)
FN:171,(anonymous_19)
FN:179,(anonymous_20)
FNF:21
FNH:12
FNDA:32,DetailPage
FNDA:142,(anonymous_1)
FNDA:2,(anonymous_2)
FNDA:2,(anonymous_3)
FNDA:1,(anonymous_4)
FNDA:0,(anonymous_5)
FNDA:2,(anonymous_6)
FNDA:0,(anonymous_7)
FNDA:203,(anonymous_8)
FNDA:0,(anonymous_9)
FNDA:58,(anonymous_10)
FNDA:0,(anonymous_11)
FNDA:2,(anonymous_12)
FNDA:0,(anonymous_13)
FNDA:0,(anonymous_14)
FNDA:0,(anonymous_15)
FNDA:0,(anonymous_16)
FNDA:3,(anonymous_17)
FNDA:4,(anonymous_18)
FNDA:232,(anonymous_19)
FNDA:0,(anonymous_20)
DA:8,32
DA:9,32
DA:10,142
DA:11,32
DA:12,32
DA:13,32
DA:14,32
DA:17,32
DA:18,32
DA:20,32
DA:21,2
DA:24,32
DA:25,2
DA:26,2
DA:29,32
DA:30,1
DA:31,1
DA:34,32
DA:35,0
DA:36,0
DA:37,0
DA:40,32
DA:41,2
DA:42,1
DA:43,1
DA:44,1
DA:48,32
DA:49,0
DA:52,32
DA:53,3
DA:63,29
DA:64,203
DA:65,201
DA:68,29
DA:101,0
DA:108,58
DA:124,0
DA:138,2
DA:147,0
DA:148,0
DA:149,0
DA:150,0
DA:164,3
DA:165,4
DA:172,232
DA:179,0
LF:46
LH:35
BRDA:26,0,0,0
BRDA:26,0,1,2
BRDA:31,1,0,0
BRDA:31,1,1,1
BRDA:41,2,0,1
BRDA:41,2,1,1
BRDA:52,3,0,3
BRDA:52,3,1,29
BRDA:64,4,0,2
BRDA:64,4,1,201
BRDA:85,5,0,29
BRDA:85,5,1,29
BRDA:86,6,0,29
BRDA:86,6,1,0
BRDA:87,7,0,1
BRDA:87,7,1,28
BRDA:98,8,0,32
BRDA:98,8,1,0
BRDA:105,9,0,32
BRDA:105,9,1,29
BRDA:130,10,0,2
BRDA:130,10,1,27
BRDA:131,11,0,2
BRDA:131,11,1,27
BRDA:131,12,0,2
BRDA:131,12,1,27
BRDA:135,13,0,1
BRDA:135,13,1,28
BRDA:136,14,0,1
BRDA:136,14,1,28
BRDA:136,15,0,1
BRDA:136,15,1,28
BRDA:145,16,0,32
BRDA:145,16,1,2
BRDA:165,17,0,4
BRDA:165,17,1,1
BRF:36
BRH:32
end_of_record
TN:
SF:src/pages/FeedPage.jsx
FN:10,FeedPage
FN:18,(anonymous_1)
FN:22,(anonymous_2)
FN:27,(anonymous_3)
FN:33,(anonymous_4)
FN:43,(anonymous_5)
FN:47,(anonymous_6)
FN:70,(anonymous_7)
FN:81,(anonymous_8)
FN:92,(anonymous_9)
FN:93,(anonymous_10)
FNF:11
FNH:8
FNDA:16,FeedPage
FNDA:1,(anonymous_1)
FNDA:2,(anonymous_2)
FNDA:0,(anonymous_3)
FNDA:0,(anonymous_4)
FNDA:48,(anonymous_5)
FNDA:2,(anonymous_6)
FNDA:128,(anonymous_7)
FNDA:0,(anonymous_8)
FNDA:80,(anonymous_9)
FNDA:1,(anonymous_10)
DA:8,1
DA:11,16
DA:12,16
DA:13,16
DA:16,16
DA:18,16
DA:19,1
DA:22,16
DA:23,2
DA:24,2
DA:27,16
DA:28,0
DA:29,0
DA:33,16
DA:34,0
DA:35,0
DA:38,16
DA:44,48
DA:47,2
DA:71,128
DA:81,0
DA:93,80
DA:94,1
DA:95,1
LF:24
LH:19
BRDA:28,0,0,0
BRDA:28,0,1,0
BRDA:46,1,0,16
BRDA:46,1,1,32
BRDA:97,2,0,48
BRDA:97,2,1,32
BRDA:99,3,0,80
BRDA:99,3,1,32
BRF:8
BRH:6
end_of_record
TN:
SF:src/tracker/index.js
FN:48,(anonymous_0)
FN:49,(anonymous_1)
FN:50,(anonymous_2)
FN:55,(anonymous_3)
FN:55,(anonymous_4)
FN:55,(anonymous_5)
FN:59,(anonymous_6)
FN:64,(anonymous_7)
FN:71,(anonymous_8)
FN:77,(anonymous_9)
FN:84,(anonymous_10)
FN:88,(anonymous_11)
FN:99,(anonymous_12)
FN:108,(anonymous_13)
FN:115,(anonymous_14)
FN:124,(anonymous_15)
FN:126,(anonymous_16)
FN:127,(anonymous_17)
FN:155,(anonymous_18)
FN:162,(anonymous_19)
FN:181,(anonymous_20)
FN:191,(anonymous_21)
FN:197,(anonymous_22)
FN:206,(anonymous_23)
FN:214,(anonymous_24)
FN:222,(anonymous_25)
FN:235,(anonymous_26)
FN:236,(anonymous_27)
FN:240,(anonymous_28)
FN:241,(anonymous_29)
FN:247,(anonymous_30)
FN:249,(anonymous_31)
FN:254,(anonymous_32)
FN:273,(anonymous_33)
FN:278,(anonymous_34)
FN:285,(anonymous_35)
FN:311,(anonymous_36)
FN:316,(anonymous_37)
FN:319,(anonymous_38)
FN:333,(anonymous_39)
FN:335,(anonymous_40)
FN:345,(anonymous_41)
FN:356,(anonymous_42)
FN:376,(anonymous_43)
FN:400,(anonymous_44)
FN:415,(anonymous_45)
FN:426,(anonymous_46)
FN:438,(anonymous_47)
FN:446,(anonymous_48)
FN:462,(anonymous_49)
FN:469,(anonymous_50)
FN:476,(anonymous_51)
FN:482,(anonymous_52)
FN:489,(anonymous_53)
FN:491,(anonymous_54)
FN:500,(anonymous_55)
FN:516,(anonymous_56)
FN:536,(anonymous_57)
FN:539,(anonymous_58)
FN:548,(anonymous_59)
FN:560,(anonymous_60)
FN:569,(anonymous_61)
FN:576,(anonymous_62)
FN:591,createTracker
FN:598,getTracker
FN:603,resetTrackerInstance
FNF:66
FNH:53
FNDA:128,(anonymous_0)
FNDA:79,(anonymous_1)
FNDA:162,(anonymous_2)
FNDA:0,(anonymous_3)
FNDA:0,(anonymous_4)
FNDA:0,(anonymous_5)
FNDA:38,(anonymous_6)
FNDA:107,(anonymous_7)
FNDA:69,(anonymous_8)
FNDA:105,(anonymous_9)
FNDA:40,(anonymous_10)
FNDA:9,(anonymous_11)
FNDA:47,(anonymous_12)
FNDA:1,(anonymous_13)
FNDA:32,(anonymous_14)
FNDA:32,(anonymous_15)
FNDA:0,(anonymous_16)
FNDA:0,(anonymous_17)
FNDA:0,(anonymous_18)
FNDA:0,(anonymous_19)
FNDA:34,(anonymous_20)
FNDA:42,(anonymous_21)
FNDA:15,(anonymous_22)
FNDA:8,(anonymous_23)
FNDA:4,(anonymous_24)
FNDA:17,(anonymous_25)
FNDA:2,(anonymous_26)
FNDA:4,(anonymous_27)
FNDA:1,(anonymous_28)
FNDA:2,(anonymous_29)
FNDA:9,(anonymous_30)
FNDA:11,(anonymous_31)
FNDA:10,(anonymous_32)
FNDA:2,(anonymous_33)
FNDA:3,(anonymous_34)
FNDA:32,(anonymous_35)
FNDA:32,(anonymous_36)
FNDA:1,(anonymous_37)
FNDA:0,(anonymous_38)
FNDA:0,(anonymous_39)
FNDA:0,(anonymous_40)
FNDA:0,(anonymous_41)
FNDA:96,(anonymous_42)
FNDA:4,(anonymous_43)
FNDA:37,(anonymous_44)
FNDA:1,(anonymous_45)
FNDA:1,(anonymous_46)
FNDA:3,(anonymous_47)
FNDA:4,(anonymous_48)
FNDA:0,(anonymous_49)
FNDA:0,(anonymous_50)
FNDA:2,(anonymous_51)
FNDA:41,(anonymous_52)
FNDA:1,(anonymous_53)
FNDA:1,(anonymous_54)
FNDA:34,(anonymous_55)
FNDA:40,(anonymous_56)
FNDA:12,(anonymous_57)
FNDA:1,(anonymous_58)
FNDA:40,(anonymous_59)
FNDA:32,(anonymous_60)
FNDA:34,(anonymous_61)
FNDA:1,(anonymous_62)
FNDA:4,createTracker
FNDA:6,getTracker
FNDA:8,resetTrackerInstance
DA:21,2
DA:34,2
DA:48,128
DA:49,79
DA:50,162
DA:53,2
DA:55,0
DA:60,38
DA:61,38
DA:65,107
DA:66,2
DA:68,107
DA:72,69
DA:73,69
DA:74,69
DA:78,105
DA:85,40
DA:89,9
DA:90,9
DA:91,9
DA:92,9
DA:95,1
DA:100,47
DA:101,47
DA:102,47
DA:104,1
DA:109,1
DA:116,32
DA:117,32
DA:118,32
DA:119,32
DA:120,32
DA:121,32
DA:125,32
DA:127,0
DA:128,0
DA:129,0
DA:131,0
DA:133,0
DA:136,0
DA:137,0
DA:138,0
DA:139,0
DA:140,0
DA:146,0
DA:156,0
DA:157,0
DA:158,0
DA:163,0
DA:165,0
DA:166,0
DA:167,0
DA:168,0
DA:169,0
DA:175,0
DA:177,0
DA:182,34
DA:183,34
DA:185,34
DA:192,42
DA:193,42
DA:194,42
DA:198,15
DA:199,14
DA:207,8
DA:208,8
DA:209,7
DA:210,7
DA:215,4
DA:216,4
DA:217,3
DA:218,3
DA:223,17
DA:224,17
DA:225,14
DA:226,14
DA:227,10
DA:229,14
DA:230,14
DA:231,14
DA:236,4
DA:241,2
DA:248,9
DA:249,11
DA:250,9
DA:251,9
DA:255,10
DA:256,10
DA:257,10
DA:258,9
DA:259,9
DA:261,9
DA:262,16
DA:263,8
DA:264,8
DA:274,2
DA:275,2
DA:279,3
DA:286,32
DA:287,32
DA:288,32
DA:289,32
DA:290,32
DA:293,32
DA:298,32
DA:299,32
DA:300,32
DA:301,32
DA:302,32
DA:305,32
DA:306,32
DA:308,32
DA:313,32
DA:316,32
DA:319,32
DA:320,0
DA:321,0
DA:322,0
DA:324,0
DA:325,0
DA:326,0
DA:331,32
DA:332,1
DA:333,1
DA:334,0
DA:335,0
DA:336,0
DA:337,0
DA:339,0
DA:345,32
DA:348,32
DA:357,96
DA:365,96
DA:368,96
DA:369,1
DA:378,4
DA:379,1
DA:382,4
DA:383,4
DA:385,4
DA:392,4
DA:393,1
DA:401,37
DA:402,9
DA:403,9
DA:405,37
DA:416,1
DA:427,1
DA:439,3
DA:440,3
DA:447,4
DA:448,4
DA:449,2
DA:455,4
DA:456,4
DA:463,0
DA:470,0
DA:477,2
DA:483,41
DA:484,41
DA:486,40
DA:490,1
DA:492,1
DA:493,1
DA:502,34
DA:504,34
DA:505,1
DA:508,34
DA:513,34
DA:519,40
DA:521,40
DA:522,40
DA:523,40
DA:524,27
DA:525,27
DA:526,27
DA:531,13
DA:537,12
DA:538,12
DA:540,1
DA:541,1
DA:542,1
DA:549,40
DA:550,40
DA:551,40
DA:552,40
DA:554,40
DA:561,32
DA:562,32
DA:563,0
DA:564,0
DA:570,34
DA:571,34
DA:572,34
DA:577,1
DA:589,2
DA:592,4
DA:593,3
DA:595,4
DA:599,6
DA:604,8
LF:201
LH:163
BRDA:53,0,0,2
BRDA:53,0,1,0
BRDA:59,1,0,38
BRDA:65,2,0,2
BRDA:65,2,1,105
BRDA:102,3,0,6
BRDA:102,3,1,41
BRDA:131,4,0,0
BRDA:131,4,1,0
BRDA:131,5,0,0
BRDA:131,5,1,0
BRDA:137,6,0,0
BRDA:137,6,1,0
BRDA:139,7,0,0
BRDA:139,7,1,0
BRDA:156,8,0,0
BRDA:156,8,1,0
BRDA:156,9,0,0
BRDA:156,9,1,0
BRDA:163,10,0,0
BRDA:163,10,1,0
BRDA:163,11,0,0
BRDA:163,11,1,0
BRDA:166,12,0,0
BRDA:166,12,1,0
BRDA:168,13,0,0
BRDA:168,13,1,0
BRDA:182,14,0,34
BRDA:182,14,1,0
BRDA:198,15,0,1
BRDA:198,15,1,14
BRDA:208,16,0,7
BRDA:208,16,1,1
BRDA:208,17,0,8
BRDA:208,17,1,8
BRDA:216,18,0,3
BRDA:216,18,1,1
BRDA:216,19,0,4
BRDA:216,19,1,4
BRDA:224,20,0,3
BRDA:224,20,1,14
BRDA:226,21,0,10
BRDA:226,21,1,4
BRDA:255,22,0,10
BRDA:255,22,1,2
BRDA:257,23,0,1
BRDA:257,23,1,9
BRDA:262,24,0,8
BRDA:262,24,1,8
BRDA:262,25,0,16
BRDA:262,25,1,9
BRDA:285,26,0,32
BRDA:293,27,0,1
BRDA:293,27,1,31
BRDA:320,28,0,0
BRDA:320,28,1,0
BRDA:331,29,0,1
BRDA:331,29,1,31
BRDA:334,30,0,0
BRDA:334,30,1,0
BRDA:356,31,0,96
BRDA:368,32,0,1
BRDA:368,32,1,95
BRDA:376,33,0,4
BRDA:378,34,0,1
BRDA:378,34,1,3
BRDA:392,35,0,1
BRDA:392,35,1,3
BRDA:401,36,0,28
BRDA:401,36,1,9
BRDA:403,37,0,1
BRDA:403,37,1,8
BRDA:415,38,0,1
BRDA:426,39,0,1
BRDA:447,40,0,4
BRDA:447,40,1,1
BRDA:448,41,0,2
BRDA:448,41,1,2
BRDA:450,42,0,2
BRDA:450,42,1,1
BRDA:476,43,0,2
BRDA:484,44,0,1
BRDA:484,44,1,40
BRDA:492,45,0,1
BRDA:492,45,1,0
BRDA:492,46,0,1
BRDA:492,46,1,0
BRDA:504,47,0,1
BRDA:504,47,1,33
BRDA:521,48,0,40
BRDA:521,48,1,0
BRDA:523,49,0,27
BRDA:523,49,1,13
BRDA:541,50,0,1
BRDA:541,50,1,0
BRDA:550,51,0,40
BRDA:550,51,1,31
BRDA:562,52,0,0
BRDA:562,52,1,32
BRDA:582,53,0,1
BRDA:582,53,1,1
BRDA:583,54,0,1
BRDA:583,54,1,1
BRDA:592,55,0,3
BRDA:592,55,1,1
BRF:105
BRH:74
end_of_record
